<?xml version="1.0" encoding="UTF-8"?>
<!-- Generated by org.testng.reporters.JUnitXMLReporter -->
<testsuite ignored="0" hostname="LTIN169567" failures="0" tests="9" name="Default test" time="1014.484" errors="0" timestamp="2023-06-12T10:43:46 IST">
  <testcase classname="TestCases.TestClass" name="Retrieve" time="3.649"/>
  <testcase classname="TestCases.TestClass" name="Accountinput" time="41.477"/>
  <testcase classname="TestCases.TestClass" name="ContactInput" time="121.105"/>
  <testcase classname="TestCases.TestClass" name="OppInput" time="702.458"/>
  <testcase classname="TestCases.TestClass" name="ProductsInput" time="53.4"/>
  <testcase classname="TestCases.TestClass" name="ContactRoleInput" time="11.155"/>
  <testcase classname="TestCases.TestClass" name="TaskInput" time="27.352"/>
  <testcase classname="TestCases.TestClass" name="EventInput" time="26.704"/>
  <testcase classname="TestCases.TestClass" name="Attach" time="15.955"/>
</testsuite> <!-- Default test -->
