<?xml version="1.0" encoding="UTF-8"?>
<testng-results ignored="0" total="8" passed="8" failed="0" skipped="0">
  <reporter-output>
  </reporter-output>
  <suite started-at="2023-06-05T12:23:05 IST" name="TestCases.TestClass" finished-at="2023-06-05T12:23:41 IST" duration-ms="35721">
    <groups>
    </groups>
    <test started-at="2023-06-05T12:23:05 IST" name="Command line test" finished-at="2023-06-05T12:23:41 IST" duration-ms="35721">
      <class name="TestCases.TestClass">
        <test-method is-config="true" signature="invoke()[pri:0, instance:TestCases.TestClass@5b247367]" started-at="2023-06-05T12:23:05 IST" name="invoke" finished-at="2023-06-05T12:23:13 IST" duration-ms="8063" status="PASS">
          <reporter-output>
          </reporter-output>
        </test-method> <!-- invoke -->
        <test-method signature="Retrieve()[pri:1, instance:TestCases.TestClass@5b247367]" started-at="2023-06-05T12:23:13 IST" name="Retrieve" finished-at="2023-06-05T12:23:16 IST" duration-ms="2772" status="PASS">
          <reporter-output>
          </reporter-output>
        </test-method> <!-- Retrieve -->
        <test-method signature="Accountinput()[pri:2, instance:TestCases.TestClass@5b247367]" started-at="2023-06-05T12:23:16 IST" name="Accountinput" finished-at="2023-06-05T12:23:17 IST" duration-ms="978" status="PASS">
          <reporter-output>
          </reporter-output>
        </test-method> <!-- Accountinput -->
        <test-method signature="ContactInput()[pri:3, instance:TestCases.TestClass@5b247367]" started-at="2023-06-05T12:23:17 IST" name="ContactInput" finished-at="2023-06-05T12:23:19 IST" duration-ms="2050" status="PASS">
          <reporter-output>
          </reporter-output>
        </test-method> <!-- ContactInput -->
        <test-method signature="OppInput()[pri:4, instance:TestCases.TestClass@5b247367]" started-at="2023-06-05T12:23:19 IST" name="OppInput" finished-at="2023-06-05T12:23:21 IST" duration-ms="2048" status="PASS">
          <reporter-output>
          </reporter-output>
        </test-method> <!-- OppInput -->
        <test-method signature="ProductsInput()[pri:5, instance:TestCases.TestClass@5b247367]" started-at="2023-06-05T12:23:21 IST" name="ProductsInput" finished-at="2023-06-05T12:23:23 IST" duration-ms="2048" status="PASS">
          <reporter-output>
          </reporter-output>
        </test-method> <!-- ProductsInput -->
        <test-method signature="ContactRoleInput()[pri:6, instance:TestCases.TestClass@5b247367]" started-at="2023-06-05T12:23:23 IST" name="ContactRoleInput" finished-at="2023-06-05T12:23:25 IST" duration-ms="2051" status="PASS">
          <reporter-output>
          </reporter-output>
        </test-method> <!-- ContactRoleInput -->
        <test-method signature="TaskInput()[pri:7, instance:TestCases.TestClass@5b247367]" started-at="2023-06-05T12:23:25 IST" name="TaskInput" finished-at="2023-06-05T12:23:37 IST" duration-ms="12537" status="PASS">
          <reporter-output>
          </reporter-output>
        </test-method> <!-- TaskInput -->
        <test-method signature="EventInput()[pri:8, instance:TestCases.TestClass@5b247367]" started-at="2023-06-05T12:23:37 IST" name="EventInput" finished-at="2023-06-05T12:23:40 IST" duration-ms="2056" status="PASS">
          <reporter-output>
          </reporter-output>
        </test-method> <!-- EventInput -->
        <test-method is-config="true" signature="closeBrowser()[pri:0, instance:TestCases.TestClass@5b247367]" started-at="2023-06-05T12:23:40 IST" name="closeBrowser" finished-at="2023-06-05T12:23:41 IST" duration-ms="1014" status="PASS">
          <reporter-output>
          </reporter-output>
        </test-method> <!-- closeBrowser -->
      </class> <!-- TestCases.TestClass -->
    </test> <!-- Command line test -->
  </suite> <!-- TestCases.TestClass -->
</testng-results>
