<?xml version="1.0" encoding="UTF-8"?>
<!-- Generated by org.testng.reporters.JUnitXMLReporter -->
<testsuite ignored="0" hostname="LTIN169567" failures="0" tests="8" name="Command line test" time="35.721" errors="0" timestamp="2023-06-05T12:23:41 IST">
  <testcase classname="TestCases.TestClass" name="Retrieve" time="2.772"/>
  <testcase classname="TestCases.TestClass" name="Accountinput" time="0.978"/>
  <testcase classname="TestCases.TestClass" name="ContactInput" time="2.05"/>
  <testcase classname="TestCases.TestClass" name="OppInput" time="2.048"/>
  <testcase classname="TestCases.TestClass" name="ProductsInput" time="2.048"/>
  <testcase classname="TestCases.TestClass" name="ContactRoleInput" time="2.051"/>
  <testcase classname="TestCases.TestClass" name="TaskInput" time="12.537"/>
  <testcase classname="TestCases.TestClass" name="EventInput" time="2.056"/>
</testsuite> <!-- Command line test -->
