<?xml version="1.0" encoding="UTF-8"?>
<testng-results ignored="0" total="9" passed="9" failed="0" skipped="0">
  <reporter-output>
  </reporter-output>
  <suite started-at="2023-06-12T10:26:51 IST" name="Default suite" finished-at="2023-06-12T10:43:46 IST" duration-ms="1014484">
    <groups>
    </groups>
    <test started-at="2023-06-12T10:26:51 IST" name="Default test" finished-at="2023-06-12T10:43:46 IST" duration-ms="1014484">
      <class name="TestCases.TestClass">
        <test-method is-config="true" signature="invoke()[pri:0, instance:TestCases.TestClass@6736fa8d]" started-at="2023-06-12T10:26:51 IST" name="invoke" finished-at="2023-06-12T10:27:01 IST" duration-ms="10165" status="PASS">
          <reporter-output>
          </reporter-output>
        </test-method> <!-- invoke -->
        <test-method signature="Retrieve()[pri:1, instance:TestCases.TestClass@6736fa8d]" started-at="2023-06-12T10:27:01 IST" name="Retrieve" finished-at="2023-06-12T10:27:05 IST" duration-ms="3649" status="PASS">
          <reporter-output>
          </reporter-output>
        </test-method> <!-- Retrieve -->
        <test-method signature="Accountinput()[pri:2, instance:TestCases.TestClass@6736fa8d]" started-at="2023-06-12T10:27:05 IST" name="Accountinput" finished-at="2023-06-12T10:27:47 IST" duration-ms="41477" status="PASS">
          <reporter-output>
          </reporter-output>
        </test-method> <!-- Accountinput -->
        <test-method signature="ContactInput()[pri:3, instance:TestCases.TestClass@6736fa8d]" started-at="2023-06-12T10:27:47 IST" name="ContactInput" finished-at="2023-06-12T10:29:48 IST" duration-ms="121105" status="PASS">
          <reporter-output>
          </reporter-output>
        </test-method> <!-- ContactInput -->
        <test-method signature="OppInput()[pri:4, instance:TestCases.TestClass@6736fa8d]" started-at="2023-06-12T10:29:48 IST" name="OppInput" finished-at="2023-06-12T10:41:30 IST" duration-ms="702458" status="PASS">
          <reporter-output>
          </reporter-output>
        </test-method> <!-- OppInput -->
        <test-method signature="ProductsInput()[pri:5, instance:TestCases.TestClass@6736fa8d]" started-at="2023-06-12T10:41:30 IST" name="ProductsInput" finished-at="2023-06-12T10:42:24 IST" duration-ms="53400" status="PASS">
          <reporter-output>
          </reporter-output>
        </test-method> <!-- ProductsInput -->
        <test-method signature="ContactRoleInput()[pri:6, instance:TestCases.TestClass@6736fa8d]" started-at="2023-06-12T10:42:24 IST" name="ContactRoleInput" finished-at="2023-06-12T10:42:35 IST" duration-ms="11155" status="PASS">
          <reporter-output>
          </reporter-output>
        </test-method> <!-- ContactRoleInput -->
        <test-method signature="TaskInput()[pri:7, instance:TestCases.TestClass@6736fa8d]" started-at="2023-06-12T10:42:35 IST" name="TaskInput" finished-at="2023-06-12T10:43:02 IST" duration-ms="27352" status="PASS">
          <reporter-output>
          </reporter-output>
        </test-method> <!-- TaskInput -->
        <test-method signature="EventInput()[pri:8, instance:TestCases.TestClass@6736fa8d]" started-at="2023-06-12T10:43:02 IST" name="EventInput" finished-at="2023-06-12T10:43:29 IST" duration-ms="26704" status="PASS">
          <reporter-output>
          </reporter-output>
        </test-method> <!-- EventInput -->
        <test-method signature="Attach()[pri:9, instance:TestCases.TestClass@6736fa8d]" started-at="2023-06-12T10:43:29 IST" name="Attach" finished-at="2023-06-12T10:43:45 IST" duration-ms="15955" status="PASS">
          <reporter-output>
          </reporter-output>
        </test-method> <!-- Attach -->
        <test-method is-config="true" signature="closeBrowser()[pri:0, instance:TestCases.TestClass@6736fa8d]" started-at="2023-06-12T10:43:45 IST" name="closeBrowser" finished-at="2023-06-12T10:43:46 IST" duration-ms="914" status="PASS">
          <reporter-output>
          </reporter-output>
        </test-method> <!-- closeBrowser -->
      </class> <!-- TestCases.TestClass -->
    </test> <!-- Default test -->
  </suite> <!-- Default suite -->
</testng-results>
